<?xml version="1.0" encoding="UTF-8" ?>
<testsuite tests="11" failures="1" name="web_service_test.assignment_snl_services.BoardTest" time="0.977" errors="0" skipped="0">
  <properties>
    <property name="java.runtime.name" value="OpenJDK Runtime Environment"/>
    <property name="sun.boot.library.path" value="/usr/lib/jvm/java-8-openjdk-amd64/jre/lib/amd64"/>
    <property name="java.vm.version" value="25.131-b11"/>
    <property name="java.vm.vendor" value="Oracle Corporation"/>
    <property name="maven.multiModuleProjectDirectory" value="/home/qainfotech/workspace2/assignment-snl-services"/>
    <property name="java.vendor.url" value="http://java.oracle.com/"/>
    <property name="path.separator" value=":"/>
    <property name="guice.disable.misplaced.annotation.check" value="true"/>
    <property name="java.vm.name" value="OpenJDK 64-Bit Server VM"/>
    <property name="file.encoding.pkg" value="sun.io"/>
    <property name="user.country" value="IN"/>
    <property name="sun.java.launcher" value="SUN_STANDARD"/>
    <property name="sun.os.patch.level" value="unknown"/>
    <property name="java.vm.specification.name" value="Java Virtual Machine Specification"/>
    <property name="user.dir" value="/home/qainfotech/workspace2/assignment-snl-services"/>
    <property name="java.runtime.version" value="1.8.0_131-8u131-b11-0ubuntu1.16.04.2-b11"/>
    <property name="java.awt.graphicsenv" value="sun.awt.X11GraphicsEnvironment"/>
    <property name="java.endorsed.dirs" value="/usr/lib/jvm/java-8-openjdk-amd64/jre/lib/endorsed"/>
    <property name="os.arch" value="amd64"/>
    <property name="java.io.tmpdir" value="/tmp"/>
    <property name="line.separator" value="
"/>
    <property name="java.vm.specification.vendor" value="Oracle Corporation"/>
    <property name="os.name" value="Linux"/>
    <property name="classworlds.conf" value="/home/qainfotech/workspace2/.metadata/.plugins/org.eclipse.m2e.launching/launches/m2conf8656025220393433244.tmp"/>
    <property name="sun.jnu.encoding" value="UTF-8"/>
    <property name="java.library.path" value="/usr/java/packages/lib/amd64:/usr/lib/x86_64-linux-gnu/jni:/lib/x86_64-linux-gnu:/usr/lib/x86_64-linux-gnu:/usr/lib/jni:/lib:/usr/lib"/>
    <property name="java.specification.name" value="Java Platform API Specification"/>
    <property name="java.class.version" value="52.0"/>
    <property name="sun.management.compiler" value="HotSpot 64-Bit Tiered Compilers"/>
    <property name="os.version" value="4.4.0-83-generic"/>
    <property name="user.home" value="/home/qainfotech"/>
    <property name="user.timezone" value="Asia/Kolkata"/>
    <property name="java.awt.printerjob" value="sun.print.PSPrinterJob"/>
    <property name="file.encoding" value="UTF-8"/>
    <property name="java.specification.version" value="1.8"/>
    <property name="user.name" value="qainfotech"/>
    <property name="java.class.path" value="/home/qainfotech/eclipse/java-neon/eclipse/../../../.p2/pool/plugins/org.eclipse.m2e.maven.runtime_1.7.0.20160603-1931/jars/plexus-classworlds-2.5.2.jar"/>
    <property name="java.vm.specification.version" value="1.8"/>
    <property name="sun.arch.data.model" value="64"/>
    <property name="java.home" value="/usr/lib/jvm/java-8-openjdk-amd64/jre"/>
    <property name="sun.java.command" value="org.codehaus.plexus.classworlds.launcher.Launcher -B test"/>
    <property name="java.specification.vendor" value="Oracle Corporation"/>
    <property name="user.language" value="en"/>
    <property name="awt.toolkit" value="sun.awt.X11.XToolkit"/>
    <property name="java.vm.info" value="mixed mode"/>
    <property name="java.version" value="1.8.0_131"/>
    <property name="java.ext.dirs" value="/usr/lib/jvm/java-8-openjdk-amd64/jre/lib/ext:/usr/java/packages/lib/ext"/>
    <property name="securerandom.source" value="file:/dev/./urandom"/>
    <property name="sun.boot.class.path" value="/usr/lib/jvm/java-8-openjdk-amd64/jre/lib/resources.jar:/usr/lib/jvm/java-8-openjdk-amd64/jre/lib/rt.jar:/usr/lib/jvm/java-8-openjdk-amd64/jre/lib/sunrsasign.jar:/usr/lib/jvm/java-8-openjdk-amd64/jre/lib/jsse.jar:/usr/lib/jvm/java-8-openjdk-amd64/jre/lib/jce.jar:/usr/lib/jvm/java-8-openjdk-amd64/jre/lib/charsets.jar:/usr/lib/jvm/java-8-openjdk-amd64/jre/lib/jfr.jar:/usr/lib/jvm/java-8-openjdk-amd64/jre/classes"/>
    <property name="java.vendor" value="Oracle Corporation"/>
    <property name="maven.home" value="/home/qainfotech/workspace2/assignment-snl-services/EMBEDDED"/>
    <property name="file.separator" value="/"/>
    <property name="java.vendor.url.bug" value="http://bugreport.sun.com/bugreport/"/>
    <property name="sun.cpu.endian" value="little"/>
    <property name="sun.io.unicode.encoding" value="UnicodeLittle"/>
    <property name="sun.desktop" value="gnome"/>
    <property name="sun.cpu.isalist" value=""/>
  </properties>
  <testcase classname="web_service_test.assignment_snl_services.BoardTest" name="check_board_creation" time="0.137"/>
  <testcase classname="web_service_test.assignment_snl_services.BoardTest" name="player_add_check" time="0.272"/>
  <testcase classname="web_service_test.assignment_snl_services.BoardTest" name="board_details" time="0.062"/>
  <testcase classname="web_service_test.assignment_snl_services.BoardTest" name="board_invalid_details" time="0.032"/>
  <testcase classname="web_service_test.assignment_snl_services.BoardTest" name="check_inavlid_player_details" time="0.162"/>
  <testcase classname="web_service_test.assignment_snl_services.BoardTest" name="check_player_details" time="0.039"/>
  <testcase classname="web_service_test.assignment_snl_services.BoardTest" name="update_player" time="0.044"/>
  <testcase classname="web_service_test.assignment_snl_services.BoardTest" name="check_roll_dice" time="0.047">
    <failure message="Server returned HTTP response code: 401 for URL: http://10.0.1.86/snl/rest/v3/move/6255.json?player_id=1971?access_token=b22e567c31ff74f3aae43b1bd470cef580d3fcbde90588dda9d3dd2eddc0b0eb" type="java.io.IOException">java.io.IOException: Server returned HTTP response code: 401 for URL: http://10.0.1.86/snl/rest/v3/move/6255.json?player_id=1971?access_token=b22e567c31ff74f3aae43b1bd470cef580d3fcbde90588dda9d3dd2eddc0b0eb
	at sun.net.www.protocol.http.HttpURLConnection.getInputStream0(HttpURLConnection.java:1876)
	at sun.net.www.protocol.http.HttpURLConnection.getInputStream(HttpURLConnection.java:1474)
	at Main_methods_BoardTest.Back_Board_help.getJson(Back_Board_help.java:230)
	at web_service_test.assignment_snl_services.BoardTest.check_roll_dice(BoardTest.java:188)
</failure>
    <system-out>http://10.0.1.86/snl/rest/v3/move/6255.json?player_id=1971?access_token=b22e567c31ff74f3aae43b1bd470cef580d3fcbde90588dda9d3dd2eddc0b0eb
</system-out>
  </testcase>
  <testcase classname="web_service_test.assignment_snl_services.BoardTest" name="delete_player" time="0.06"/>
  <testcase classname="web_service_test.assignment_snl_services.BoardTest" name="add_player_while_game_is_on" time="0.05"/>
  <testcase classname="web_service_test.assignment_snl_services.BoardTest" name="deleteboard" time="0.072"/>
</testsuite>