<?xml version="1.0" encoding="UTF-8"?>
<!-- Generated by org.testng.reporters.JUnitReportReporter -->
<testsuite skipped="0" hostname="asda1712po02529" name="web_service_test.assignment_snl_services.AppTest" tests="1" failures="0" timestamp="13 Jul 2017 09:17:03 GMT" time="0.001" errors="0">
  <testcase name="testApp" time="0.001" classname="web_service_test.assignment_snl_services.AppTest"/>
</testsuite> <!-- web_service_test.assignment_snl_services.AppTest -->
