<?xml version="1.0" encoding="UTF-8"?>
<!-- Generated by org.testng.reporters.JUnitReportReporter -->
<testsuite skipped="0" hostname="asda1712po02529" name="web_service_test.assignment_snl_services.Boardv2Test" tests="1" failures="0" timestamp="13 Jul 2017 11:30:29 GMT" time="0.143" errors="0">
  <testcase name="check_board_creation" time="0.143" classname="web_service_test.assignment_snl_services.Boardv2Test"/>
</testsuite> <!-- web_service_test.assignment_snl_services.Boardv2Test -->
