<?xml version="1.0" encoding="UTF-8"?>
<!-- Generated by org.testng.reporters.JUnitReportReporter -->
<testsuite skipped="0" hostname="asda1712po02529" name="web_service_test.assignment_snl_services.BoardTest" tests="11" failures="0" timestamp="14 Jul 2017 10:58:44 GMT" time="2.513" errors="0">
  <testcase name="player_add_check" time="0.347" classname="web_service_test.assignment_snl_services.BoardTest"/>
  <testcase name="delete_player" time="0.057" classname="web_service_test.assignment_snl_services.BoardTest"/>
  <testcase name="check_inavlid_player_details" time="0.156" classname="web_service_test.assignment_snl_services.BoardTest"/>
  <testcase name="update_player" time="0.073" classname="web_service_test.assignment_snl_services.BoardTest"/>
  <testcase name="deleteboard" time="0.085" classname="web_service_test.assignment_snl_services.BoardTest"/>
  <testcase name="board_details" time="0.059" classname="web_service_test.assignment_snl_services.BoardTest"/>
  <testcase name="check_player_details" time="0.038" classname="web_service_test.assignment_snl_services.BoardTest"/>
  <testcase name="check_board_creation" time="0.275" classname="web_service_test.assignment_snl_services.BoardTest"/>
  <testcase name="board_invalid_details" time="0.038" classname="web_service_test.assignment_snl_services.BoardTest"/>
  <testcase name="check_roll_dice" time="1.316" classname="web_service_test.assignment_snl_services.BoardTest"/>
  <testcase name="add_player_while_game_is_on" time="0.069" classname="web_service_test.assignment_snl_services.BoardTest"/>
</testsuite> <!-- web_service_test.assignment_snl_services.BoardTest -->
