<?xml version="1.0" encoding="UTF-8"?>
<!-- Generated by org.testng.reporters.JUnitReportReporter -->
<testsuite skipped="0" hostname="asda1712po02529" name="web_service_test.assignment_snl_services.BoardTest" tests="7" failures="0" timestamp="14 Jul 2017 09:12:16 GMT" time="0.601" errors="0">
  <testcase name="delete_player" time="0.063" classname="web_service_test.assignment_snl_services.BoardTest"/>
  <testcase name="add_player_while_game_is_on" time="0.043" classname="web_service_test.assignment_snl_services.BoardTest"/>
  <testcase name="check_board_creation" time="0.160" classname="web_service_test.assignment_snl_services.BoardTest"/>
  <testcase name="check_player_details" time="0.029" classname="web_service_test.assignment_snl_services.BoardTest"/>
  <testcase name="player_add_check" time="0.205" classname="web_service_test.assignment_snl_services.BoardTest"/>
  <testcase name="deleteboard" time="0.070" classname="web_service_test.assignment_snl_services.BoardTest"/>
  <testcase name="update_player" time="0.031" classname="web_service_test.assignment_snl_services.BoardTest"/>
</testsuite> <!-- web_service_test.assignment_snl_services.BoardTest -->
