<?xml version="1.0" encoding="UTF-8"?>
<!-- Generated by org.testng.reporters.JUnitReportReporter -->
<testsuite skipped="0" hostname="asda1712po02529" name="web_service_test.assignment_snl_services.NewTest" tests="8" failures="0" timestamp="13 Jul 2017 07:29:33 GMT" time="4.401" errors="0">
  <testcase name="check_roll_dice" time="3.730" classname="web_service_test.assignment_snl_services.NewTest"/>
  <testcase name="update_player" time="0.045" classname="web_service_test.assignment_snl_services.NewTest"/>
  <testcase name="player_add_check" time="0.293" classname="web_service_test.assignment_snl_services.NewTest"/>
  <testcase name="check_player_details" time="0.028" classname="web_service_test.assignment_snl_services.NewTest"/>
  <testcase name="delete_player" time="0.039" classname="web_service_test.assignment_snl_services.NewTest"/>
  <testcase name="deleteboard" time="0.048" classname="web_service_test.assignment_snl_services.NewTest"/>
  <testcase name="check_board_creation" time="0.170" classname="web_service_test.assignment_snl_services.NewTest"/>
  <testcase name="add_player_while_game_is_on" time="0.048" classname="web_service_test.assignment_snl_services.NewTest"/>
</testsuite> <!-- web_service_test.assignment_snl_services.NewTest -->
