<?xml version="1.0" encoding="UTF-8"?>
<!-- Generated by org.testng.reporters.JUnitReportReporter -->
<testsuite skipped="0" hostname="asda1712po02529" name="web_service_test.assignment_snl_services.NewTest" tests="1" failures="0" timestamp="12 Jul 2017 13:36:35 GMT" time="181.725" errors="0">
  <testcase name="deleteboard" time="181.725" classname="web_service_test.assignment_snl_services.NewTest"/>
</testsuite> <!-- web_service_test.assignment_snl_services.NewTest -->
