<?xml version="1.0" encoding="UTF-8"?>
<!-- Generated by org.testng.reporters.JUnitReportReporter -->
<testsuite skipped="0" hostname="asda1712po02529" name="web_service_test.assignment_snl_services.BoardTest" tests="11" failures="0" timestamp="14 Jul 2017 05:27:39 GMT" time="2.283" errors="0">
  <testcase name="check_board_creation" time="0.136" classname="web_service_test.assignment_snl_services.BoardTest"/>
  <testcase name="add_player_while_game_is_on" time="0.044" classname="web_service_test.assignment_snl_services.BoardTest"/>
  <testcase name="board_details" time="0.030" classname="web_service_test.assignment_snl_services.BoardTest"/>
  <testcase name="player_add_check" time="0.219" classname="web_service_test.assignment_snl_services.BoardTest"/>
  <testcase name="check_player_details" time="0.032" classname="web_service_test.assignment_snl_services.BoardTest"/>
  <testcase name="check_roll_dice" time="1.437" classname="web_service_test.assignment_snl_services.BoardTest"/>
  <testcase name="board_invalid_details" time="0.023" classname="web_service_test.assignment_snl_services.BoardTest"/>
  <testcase name="delete_player" time="0.035" classname="web_service_test.assignment_snl_services.BoardTest"/>
  <testcase name="deleteboard" time="0.051" classname="web_service_test.assignment_snl_services.BoardTest"/>
  <testcase name="update_player" time="0.037" classname="web_service_test.assignment_snl_services.BoardTest"/>
  <testcase name="check_inavlid_player_details" time="0.239" classname="web_service_test.assignment_snl_services.BoardTest"/>
</testsuite> <!-- web_service_test.assignment_snl_services.BoardTest -->
