<?xml version="1.0" encoding="UTF-8"?>
<!-- Generated by org.testng.reporters.JUnitReportReporter -->
<testsuite skipped="0" hostname="asda1712po02529" name="web_service_test.assignment_snl_services.BoardTest" tests="11" failures="0" timestamp="14 Jul 2017 05:12:44 GMT" time="2.454" errors="0">
  <testcase name="deleteboard" time="0.055" classname="web_service_test.assignment_snl_services.BoardTest"/>
  <testcase name="check_board_creation" time="0.154" classname="web_service_test.assignment_snl_services.BoardTest"/>
  <testcase name="update_player" time="0.034" classname="web_service_test.assignment_snl_services.BoardTest"/>
  <testcase name="add_player_while_game_is_on" time="0.054" classname="web_service_test.assignment_snl_services.BoardTest"/>
  <testcase name="delete_player" time="0.040" classname="web_service_test.assignment_snl_services.BoardTest"/>
  <testcase name="board_details" time="0.034" classname="web_service_test.assignment_snl_services.BoardTest"/>
  <testcase name="player_add_check" time="0.230" classname="web_service_test.assignment_snl_services.BoardTest"/>
  <testcase name="board_invalid_details" time="0.041" classname="web_service_test.assignment_snl_services.BoardTest"/>
  <testcase name="check_roll_dice" time="1.626" classname="web_service_test.assignment_snl_services.BoardTest"/>
  <testcase name="check_player_details" time="0.033" classname="web_service_test.assignment_snl_services.BoardTest"/>
  <testcase name="check_inavlid_player_details" time="0.153" classname="web_service_test.assignment_snl_services.BoardTest"/>
</testsuite> <!-- web_service_test.assignment_snl_services.BoardTest -->
