<?xml version="1.0" encoding="UTF-8"?>
<!-- Generated by org.testng.reporters.JUnitReportReporter -->
<testsuite skipped="0" hostname="asda1712po02529" name="web_service_test.assignment_snl_services.BoardTest" tests="8" failures="0" timestamp="13 Jul 2017 10:17:18 GMT" time="3.299" errors="0">
  <testcase name="deleteboard" time="0.083" classname="web_service_test.assignment_snl_services.BoardTest"/>
  <testcase name="update_player" time="0.076" classname="web_service_test.assignment_snl_services.BoardTest"/>
  <testcase name="add_player_while_game_is_on" time="0.060" classname="web_service_test.assignment_snl_services.BoardTest"/>
  <testcase name="delete_player" time="0.067" classname="web_service_test.assignment_snl_services.BoardTest"/>
  <testcase name="check_board_creation" time="0.196" classname="web_service_test.assignment_snl_services.BoardTest"/>
  <testcase name="check_roll_dice" time="2.379" classname="web_service_test.assignment_snl_services.BoardTest"/>
  <testcase name="check_player_details" time="0.058" classname="web_service_test.assignment_snl_services.BoardTest"/>
  <testcase name="player_add_check" time="0.380" classname="web_service_test.assignment_snl_services.BoardTest"/>
</testsuite> <!-- web_service_test.assignment_snl_services.BoardTest -->
